{"/var/www/html/React/Spe-React-E16-oRecipes-GeraldineBB/src/data.js": {"path":"/var/www/html/React/Spe-React-E16-oRecipes-GeraldineBB/src/data.js","statementMap":{},"fnMap":{},"branchMap":{},"s":{},"f":{},"b":{},"_coverageSchema":"1a1c01bbd47fc00a2c39e90264f33305004495a9","hash":"407233e0493f98a1b0ef59f48fb7f5d360038026"}
,"/var/www/html/React/Spe-React-E16-oRecipes-GeraldineBB/src/dummy.js": {"path":"/var/www/html/React/Spe-React-E16-oRecipes-GeraldineBB/src/dummy.js","statementMap":{"0":{"start":{"line":2,"column":19},"end":{"line":2,"column":34}},"1":{"start":{"line":2,"column":29},"end":{"line":2,"column":34}}},"fnMap":{"0":{"name":"(anonymous_0)","decl":{"start":{"line":2,"column":19},"end":{"line":2,"column":20}},"loc":{"start":{"line":2,"column":29},"end":{"line":2,"column":34}},"line":2}},"branchMap":{},"s":{"0":1,"1":1},"f":{"0":1},"b":{},"_coverageSchema":"1a1c01bbd47fc00a2c39e90264f33305004495a9","hash":"985528c153a23e6a2615afe7de26c1b53d7ab4fc"}
,"/var/www/html/React/Spe-React-E16-oRecipes-GeraldineBB/src/actions/recipes.js": {"path":"/var/www/html/React/Spe-React-E16-oRecipes-GeraldineBB/src/actions/recipes.js","statementMap":{"0":{"start":{"line":1,"column":24},"end":{"line":1,"column":34}},"1":{"start":{"line":3,"column":23},"end":{"line":6,"column":2}},"2":{"start":{"line":3,"column":35},"end":{"line":6,"column":1}},"3":{"start":{"line":8,"column":37},"end":{"line":8,"column":60}},"4":{"start":{"line":10,"column":34},"end":{"line":13,"column":2}},"5":{"start":{"line":10,"column":41},"end":{"line":13,"column":1}}},"fnMap":{"0":{"name":"(anonymous_0)","decl":{"start":{"line":3,"column":23},"end":{"line":3,"column":24}},"loc":{"start":{"line":3,"column":35},"end":{"line":6,"column":1}},"line":3},"1":{"name":"(anonymous_1)","decl":{"start":{"line":10,"column":34},"end":{"line":10,"column":35}},"loc":{"start":{"line":10,"column":41},"end":{"line":13,"column":1}},"line":10}},"branchMap":{},"s":{"0":1,"1":1,"2":1,"3":1,"4":1,"5":0},"f":{"0":1,"1":0},"b":{},"_coverageSchema":"1a1c01bbd47fc00a2c39e90264f33305004495a9","hash":"e1a9d8b67605668585f8dcebbb0fb12a89395df0"}
,"/var/www/html/React/Spe-React-E16-oRecipes-GeraldineBB/src/reducers/recipes.js": {"path":"/var/www/html/React/Spe-React-E16-oRecipes-GeraldineBB/src/reducers/recipes.js","statementMap":{"0":{"start":{"line":4,"column":28},"end":{"line":8,"column":1}},"1":{"start":{"line":10,"column":16},"end":{"line":22,"column":1}},"2":{"start":{"line":11,"column":2},"end":{"line":21,"column":3}},"3":{"start":{"line":13,"column":6},"end":{"line":18,"column":8}},"4":{"start":{"line":20,"column":6},"end":{"line":20,"column":19}}},"fnMap":{"0":{"name":"(anonymous_0)","decl":{"start":{"line":10,"column":16},"end":{"line":10,"column":17}},"loc":{"start":{"line":10,"column":55},"end":{"line":22,"column":1}},"line":10}},"branchMap":{"0":{"loc":{"start":{"line":10,"column":17},"end":{"line":10,"column":37}},"type":"default-arg","locations":[{"start":{"line":10,"column":25},"end":{"line":10,"column":37}}],"line":10},"1":{"loc":{"start":{"line":10,"column":39},"end":{"line":10,"column":50}},"type":"default-arg","locations":[{"start":{"line":10,"column":48},"end":{"line":10,"column":50}}],"line":10},"2":{"loc":{"start":{"line":11,"column":2},"end":{"line":21,"column":3}},"type":"switch","locations":[{"start":{"line":12,"column":4},"end":{"line":18,"column":8}},{"start":{"line":19,"column":4},"end":{"line":20,"column":19}}],"line":11}},"s":{"0":1,"1":1,"2":3,"3":1,"4":2},"f":{"0":3},"b":{"0":[2],"1":[2],"2":[1,2]},"_coverageSchema":"1a1c01bbd47fc00a2c39e90264f33305004495a9","hash":"de6474c6d98568866c593343b5ca161e14c5fde9"}
,"/var/www/html/React/Spe-React-E16-oRecipes-GeraldineBB/src/selectors/recipes.js": {"path":"/var/www/html/React/Spe-React-E16-oRecipes-GeraldineBB/src/selectors/recipes.js","statementMap":{"0":{"start":{"line":11,"column":17},"end":{"line":13,"column":4}},"1":{"start":{"line":12,"column":4},"end":{"line":12,"column":46}},"2":{"start":{"line":14,"column":2},"end":{"line":14,"column":16}}},"fnMap":{"0":{"name":"findRecipe","decl":{"start":{"line":10,"column":16},"end":{"line":10,"column":26}},"loc":{"start":{"line":10,"column":50},"end":{"line":15,"column":1}},"line":10},"1":{"name":"(anonymous_1)","decl":{"start":{"line":11,"column":30},"end":{"line":11,"column":31}},"loc":{"start":{"line":11,"column":48},"end":{"line":13,"column":3}},"line":11}},"branchMap":{},"s":{"0":4,"1":5,"2":4},"f":{"0":4,"1":5},"b":{},"_coverageSchema":"1a1c01bbd47fc00a2c39e90264f33305004495a9","hash":"742f4cbe7978c7781b32f9f4125ba0681b74b540"}
}
