TN:
SF:src/dummy.js
FN:2,(anonymous_0)
FNF:1
FNH:1
FNDA:1,(anonymous_0)
DA:2,1
LF:1
LH:1
BRF:0
BRH:0
end_of_record
TN:
SF:src/actions/recipes.js
FN:3,(anonymous_0)
FN:10,(anonymous_1)
FNF:2
FNH:1
FNDA:1,(anonymous_0)
FNDA:0,(anonymous_1)
DA:1,1
DA:3,1
DA:8,1
DA:10,1
LF:4
LH:4
BRF:0
BRH:0
end_of_record
TN:
SF:src/reducers/recipes.js
FN:8,(anonymous_0)
FNF:1
FNH:1
FNDA:3,(anonymous_0)
DA:4,1
DA:8,1
DA:9,3
DA:11,1
DA:16,2
LF:5
LH:5
BRDA:8,0,0,2
BRDA:8,1,0,2
BRDA:9,2,0,1
BRDA:9,2,1,2
BRF:4
BRH:4
end_of_record
TN:
SF:src/selectors/recipes.js
FN:10,findRecipe
FN:11,(anonymous_1)
FNF:2
FNH:2
FNDA:3,findRecipe
FNDA:4,(anonymous_1)
DA:11,3
DA:12,4
DA:14,3
LF:3
LH:3
BRF:0
BRH:0
end_of_record
